Release 14.7 - xst P.20131013 (nt64)
Copyright (c) 1995-2013 Xilinx, Inc.  All rights reserved.
--> Parameter TMPDIR set to xst/projnav.tmp


Total REAL time to Xst completion: 0.00 secs
Total CPU time to Xst completion: 0.11 secs
 
--> Parameter xsthdpdir set to xst


Total REAL time to Xst completion: 0.00 secs
Total CPU time to Xst completion: 0.11 secs
 
--> Reading design: CarryLook4b.prj

TABLE OF CONTENTS
  1) Synthesis Options Summary
  2) HDL Compilation
  3) Design Hierarchy Analysis
  4) HDL Analysis
  5) HDL Synthesis
     5.1) HDL Synthesis Report
  6) Advanced HDL Synthesis
     6.1) Advanced HDL Synthesis Report
  7) Low Level Synthesis
  8) Partition Report
  9) Final Report
	9.1) Device utilization summary
	9.2) Partition Resource Summary
	9.3) TIMING REPORT


=========================================================================
*                      Synthesis Options Summary                        *
=========================================================================
---- Source Parameters
Input File Name                    : "CarryLook4b.prj"
Input Format                       : mixed
Ignore Synthesis Constraint File   : NO

---- Target Parameters
Output File Name                   : "CarryLook4b"
Output Format                      : NGC
Target Device                      : xc3s500e-4-fg320

---- Source Options
Top Module Name                    : CarryLook4b
Automatic FSM Extraction           : YES
FSM Encoding Algorithm             : Auto
Safe Implementation                : No
FSM Style                          : LUT
RAM Extraction                     : Yes
RAM Style                          : Auto
ROM Extraction                     : Yes
Mux Style                          : Auto
Decoder Extraction                 : YES
Priority Encoder Extraction        : Yes
Shift Register Extraction          : YES
Logical Shifter Extraction         : YES
XOR Collapsing                     : YES
ROM Style                          : Auto
Mux Extraction                     : Yes
Resource Sharing                   : YES
Asynchronous To Synchronous        : NO
Multiplier Style                   : Auto
Automatic Register Balancing       : No

---- Target Options
Add IO Buffers                     : YES
Global Maximum Fanout              : 100000
Add Generic Clock Buffer(BUFG)     : 24
Register Duplication               : YES
Slice Packing                      : YES
Optimize Instantiated Primitives   : NO
Use Clock Enable                   : Yes
Use Synchronous Set                : Yes
Use Synchronous Reset              : Yes
Pack IO Registers into IOBs        : Auto
Equivalent register Removal        : YES

---- General Options
Optimization Goal                  : Speed
Optimization Effort                : 1
Keep Hierarchy                     : No
Netlist Hierarchy                  : As_Optimized
RTL Output                         : Yes
Global Optimization                : AllClockNets
Read Cores                         : YES
Write Timing Constraints           : NO
Cross Clock Analysis               : NO
Hierarchy Separator                : /
Bus Delimiter                      : <>
Case Specifier                     : Maintain
Slice Utilization Ratio            : 100
BRAM Utilization Ratio             : 100
Verilog 2001                       : YES
Auto BRAM Packing                  : NO
Slice Utilization Ratio Delta      : 5

=========================================================================


=========================================================================
*                          HDL Compilation                              *
=========================================================================
Compiling verilog file "CLACell.v" in library work
Compiling verilog file "CarryLook4b.v" in library work
Module <CLACell> compiled
Module <CarryLook4b> compiled
No errors in compilation
Analysis of file <"CarryLook4b.prj"> succeeded.
 

=========================================================================
*                     Design Hierarchy Analysis                         *
=========================================================================
Analyzing hierarchy for module <CarryLook4b> in library <work>.

Analyzing hierarchy for module <CLACell> in library <work>.


=========================================================================
*                            HDL Analysis                               *
=========================================================================
Analyzing top module <CarryLook4b>.
Module <CarryLook4b> is correct for synthesis.
 
Analyzing module <CLACell> in library <work>.
Module <CLACell> is correct for synthesis.
 

=========================================================================
*                           HDL Synthesis                               *
=========================================================================

Performing bidirectional port resolution...

Synthesizing Unit <CLACell>.
    Related source file is "CLACell.v".
    Found 1-bit adder for signal <p>.
    Found 1-bit xor3 for signal <s>.
    Summary:
	inferred   1 Adder/Subtractor(s).
	inferred   1 Xor(s).
Unit <CLACell> synthesized.


Synthesizing Unit <CarryLook4b>.
    Related source file is "CarryLook4b.v".
    Found 1-bit adder for signal <co>.
    Found 1-bit adder for signal <$add0000> created at line 32.
    Found 1-bit adder for signal <$add0001> created at line 33.
    Found 1-bit adder for signal <$add0002> created at line 34.
    Found 1-bit xor2 for signal <$xor0000> created at line 31.
    Found 1-bit xor2 for signal <$xor0001> created at line 32.
    Found 1-bit xor2 for signal <$xor0002> created at line 33.
    Found 1-bit xor2 for signal <$xor0003> created at line 34.
    Found 1-bit adder for signal <add0001$addsub0000> created at line 33.
    Found 1-bit adder for signal <add0002$addsub0000> created at line 34.
    Found 1-bit adder for signal <add0002$addsub0001> created at line 34.
    Found 1-bit adder for signal <co$addsub0000> created at line 35.
    Found 1-bit adder for signal <co$addsub0001> created at line 35.
    Found 1-bit adder for signal <co$addsub0002> created at line 35.
    Summary:
	inferred  10 Adder/Subtractor(s).
Unit <CarryLook4b> synthesized.


=========================================================================
HDL Synthesis Report

Macro Statistics
# Adders/Subtractors                                   : 14
 1-bit adder                                           : 14
# Xors                                                 : 8
 1-bit xor2                                            : 4
 1-bit xor3                                            : 4

=========================================================================

=========================================================================
*                       Advanced HDL Synthesis                          *
=========================================================================


=========================================================================
Advanced HDL Synthesis Report

Macro Statistics
# Adders/Subtractors                                   : 10
 1-bit adder                                           : 6
 1-bit adder carry in                                  : 4
# Xors                                                 : 8
 1-bit xor2                                            : 4
 1-bit xor3                                            : 4

=========================================================================

=========================================================================
*                         Low Level Synthesis                           *
=========================================================================

Optimizing unit <CarryLook4b> ...

Mapping all equations...
Building and optimizing final netlist ...
Found area constraint ratio of 100 (+ 5) on block CarryLook4b, actual ratio is 0.

Final Macro Processing ...

=========================================================================
Final Register Report

Found no macro
=========================================================================

=========================================================================
*                           Partition Report                            *
=========================================================================

Partition Implementation Status
-------------------------------

  No Partitions were found in this design.

-------------------------------

=========================================================================
*                            Final Report                               *
=========================================================================
Final Results
RTL Top Level Output File Name     : CarryLook4b.ngr
Top Level Output File Name         : CarryLook4b
Output Format                      : NGC
Optimization Goal                  : Speed
Keep Hierarchy                     : No

Design Statistics
# IOs                              : 15

Cell Usage :
# BELS                             : 20
#      LUT2                        : 3
#      LUT3                        : 5
#      LUT4                        : 12
# IO Buffers                       : 15
#      IBUF                        : 10
#      OBUF                        : 5
=========================================================================

Device utilization summary:
---------------------------

Selected Device : 3s500efg320-4 

 Number of Slices:                       11  out of   4656     0%  
 Number of 4 input LUTs:                 20  out of   9312     0%  
 Number of IOs:                          15
 Number of bonded IOBs:                  15  out of    232     6%  

---------------------------
Partition Resource Summary:
---------------------------

  No Partitions were found in this design.

---------------------------


=========================================================================
TIMING REPORT

NOTE: THESE TIMING NUMBERS ARE ONLY A SYNTHESIS ESTIMATE.
      FOR ACCURATE TIMING INFORMATION PLEASE REFER TO THE TRACE REPORT
      GENERATED AFTER PLACE-and-ROUTE.

Clock Information:
------------------
No clock signals found in this design

Asynchronous Control Signals Information:
----------------------------------------
No asynchronous control signals found in this design

Timing Summary:
---------------
Speed Grade: -4

   Minimum period: No path found
   Minimum input arrival time before clock: No path found
   Maximum output required time after clock: No path found
   Maximum combinational path delay: 11.677ns

Timing Detail:
--------------
All values displayed in nanoseconds (ns)

=========================================================================
Timing constraint: Default path analysis
  Total number of paths / destination ports: 83 / 5
-------------------------------------------------------------------------
Delay:               11.677ns (Levels of Logic = 7)
  Source:            sub (PAD)
  Destination:       co (PAD)

  Data Path: sub to co
                                Gate     Net
    Cell:in->out      fanout   Delay   Delay  Logical Name (Net Name)
    ----------------------------------------  ------------
     IBUF:I->O            12   1.218   1.040  sub_IBUF (sub_IBUF)
     LUT3:I1->O            3   0.704   0.706  c3/Madd_p_lut<0>1 (c3/Madd_p_lut<0>)
     LUT4:I0->O            2   0.704   0.622  co_and000111 (add0002_and0001)
     LUT4:I0->O            1   0.704   0.424  Madd_co_Madd_lut<0>1_SW0 (N6)
     LUT4:I3->O            1   0.704   0.455  Madd_co_Madd_lut<0>1 (Madd_co_Madd_lut<0>)
     LUT4:I2->O            1   0.704   0.420  Madd_co_Madd_xor<0>11 (co_OBUF)
     OBUF:I->O                 3.272          co_OBUF (co)
    ----------------------------------------
    Total                     11.677ns (8.010ns logic, 3.667ns route)
                                       (68.6% logic, 31.4% route)

=========================================================================


Total REAL time to Xst completion: 6.00 secs
Total CPU time to Xst completion: 5.96 secs
 
--> 

Total memory usage is 290532 kilobytes

Number of errors   :    0 (   0 filtered)
Number of warnings :    0 (   0 filtered)
Number of infos    :    0 (   0 filtered)

