Running: C:\Xilinx\14.7\ISE_DS\ISE\bin\nt64\unwrapped\fuse.exe -intstyle ise -incremental -lib unisims_ver -lib unimacro_ver -lib xilinxcorelib_ver -o C:/XilinxProjectsLocal/CarryLookahead/TestCarry16b_isim_beh.exe -prj C:/XilinxProjectsLocal/CarryLookahead/TestCarry16b_beh.prj work.TestCarry16b work.glbl 
ISim P.20131013 (signature 0x7708f090)
Number of CPUs detected in this system: 8
Turning on mult-threading, number of parallel sub-compilation jobs: 16 
Determining compilation order of HDL files
Analyzing Verilog file "C:/XilinxProjectsLocal/CarryLookahead/CLACell.v" into library work
Analyzing Verilog file "C:/XilinxProjectsLocal/CarryLookahead/CarryLook4b.v" into library work
Analyzing Verilog file "C:/XilinxProjectsLocal/CarryLookahead/CarryLook16b.v" into library work
Analyzing Verilog file "C:/XilinxProjectsLocal/CarryLookahead/TestCarry16b.v" into library work
Analyzing Verilog file "C:/Xilinx/14.7/ISE_DS/ISE//verilog/src/glbl.v" into library work
Starting static elaboration
Completed static elaboration
Compiling module CLACell
Compiling module CarryLook4b
Compiling module CarryLook16b
Compiling module TestCarry16b
Compiling module glbl
Time Resolution for simulation is 1ps.
WARNING:Simulator - Unable to copy libPortabilityNOSH.dll to the simulation executable directory: boost::filesystem::copy_file: The system cannot find the path specified, "isim\TestCarry16b_isim_beh.exe.sim\libPortability.dll".
Compiled 5 Verilog Units
Built simulation executable C:/XilinxProjectsLocal/CarryLookahead/TestCarry16b_isim_beh.exe
Fuse Memory Usage: 28204 KB
Fuse CPU Usage: 436 ms
